-------------------------------------------------------------------------------
Test set: com.tickettrackersystem.TicketTracker.TicketTrackerApplicationTests
-------------------------------------------------------------------------------
Tests run: 1, Failures: 0, Errors: 1, Skipped: 0, Time elapsed: 4.928 s <<< FAILURE! - in com.tickettrackersystem.TicketTracker.TicketTrackerApplicationTests
contextLoads  Time elapsed: 0.029 s  <<< ERROR!
java.lang.IllegalStateException: Failed to load ApplicationContext for [WebMergedContextConfiguration@5fa9247b testClass = com.tickettrackersystem.TicketTracker.TicketTrackerApplicationTests, locations = [], classes = [com.tickettrackersystem.TicketTracker.TicketTrackerApplication], contextInitializerClasses = [], activeProfiles = [], propertySourceLocations = [], propertySourceProperties = ["org.springframework.boot.test.context.SpringBootTestContextBootstrapper=true"], contextCustomizers = [org.springframework.boot.test.context.filter.ExcludeFilterContextCustomizer@282cb7c7, org.springframework.boot.test.json.DuplicateJsonObjectContextCustomizerFactory$DuplicateJsonObjectContextCustomizer@14f9390f, org.springframework.boot.test.mock.mockito.MockitoContextCustomizer@0, org.springframework.boot.test.web.client.TestRestTemplateContextCustomizer@38ba6ce3, org.springframework.boot.test.autoconfigure.actuate.observability.ObservabilityContextCustomizerFactory$DisableObservabilityContextCustomizer@9da1, org.springframework.boot.test.autoconfigure.properties.PropertyMappingContextCustomizer@0, org.springframework.boot.test.autoconfigure.web.servlet.WebDriverContextCustomizerFactory$Customizer@63611043, org.springframework.boot.test.context.SpringBootTestAnnotation@92419929], resourceBasePath = "src/main/webapp", contextLoader = org.springframework.boot.test.context.SpringBootContextLoader, parent = null]
Caused by: org.springframework.beans.factory.UnsatisfiedDependencyException: Error creating bean with name 'ticketController' defined in file [C:\Users\yeshwanth s\Downloads\TicketTracker\TicketTracker\target\classes\com\tickettrackersystem\TicketTracker\controller\TicketController.class]: Unsatisfied dependency expressed through constructor parameter 0: No qualifying bean of type 'com.tickettrackersystem.TicketTracker.service.TicketTrackerService' available: expected at least 1 bean which qualifies as autowire candidate. Dependency annotations: {}
Caused by: org.springframework.beans.factory.NoSuchBeanDefinitionException: No qualifying bean of type 'com.tickettrackersystem.TicketTracker.service.TicketTrackerService' available: expected at least 1 bean which qualifies as autowire candidate. Dependency annotations: {}

